<?xml version="1.0" encoding="UTF-8"?>
<!-- Generated by org.testng.reporters.JUnitReportReporter -->
<testsuite hostname="DESKTOP-HIE2GEH" failures="0" tests="3" name="utils.ExcelDataProvider" time="12.346" errors="0" timestamp="2022-03-02T16:13:22 SGT" skipped="0">
  <testcase classname="utils.ExcelDataProvider" name="test1" time="4.005"/>
  <system-out/>
  <testcase classname="utils.ExcelDataProvider" name="test1" time="4.639"/>
  <system-out/>
  <testcase classname="utils.ExcelDataProvider" name="test1" time="3.702"/>
  <system-out/>
</testsuite> <!-- utils.ExcelDataProvider -->
