<?xml version="1.0" encoding="UTF-8"?>
<!-- Generated by org.testng.reporters.JUnitReportReporter -->
<testsuite hostname="DESKTOP-HIE2GEH" failures="0" tests="2" name="test.ExtentReportsDemowithTESTNG" time="1.381" errors="0" timestamp="2022-03-24T14:17:09 SGT" skipped="0">
  <testcase classname="test.ExtentReportsDemowithTESTNG" name="test1" time="1.380"/>
  <system-out/>
  <testcase classname="test.ExtentReportsDemowithTESTNG" name="test2" time="0.001"/>
  <system-out/>
</testsuite> <!-- test.ExtentReportsDemowithTESTNG -->
