<?xml version="1.0" encoding="UTF-8"?>
<!-- Generated by org.testng.reporters.JUnitReportReporter -->
<testsuite hostname="DESKTOP-HIE2GEH" failures="0" tests="1" name="test.Test1_GoogleSearch_TESTNG_Demo" time="5.517" errors="0" timestamp="2022-03-01T13:40:50 SGT" skipped="0">
  <testcase classname="test.Test1_GoogleSearch_TESTNG_Demo" name="googleSearch" time="5.517"/>
  <system-out/>
</testsuite> <!-- test.Test1_GoogleSearch_TESTNG_Demo -->
