<?xml version="1.0" encoding="UTF-8"?>
<!-- Generated by org.testng.reporters.JUnitReportReporter -->
<testsuite hostname="DESKTOP-HIE2GEH" failures="0" tests="3" name="demo.TestNGDependencyDemo" time="0.009" errors="0" timestamp="2022-03-03T17:25:37 SGT" skipped="0">
  <testcase classname="demo.TestNGDependencyDemo" name="test3" time="0.001"/>
  <system-out/>
  <testcase classname="demo.TestNGDependencyDemo" name="test2" time="0.007"/>
  <system-out/>
  <testcase classname="demo.TestNGDependencyDemo" name="test1" time="0.001"/>
  <system-out/>
</testsuite> <!-- demo.TestNGDependencyDemo -->
