<?xml version="1.0" encoding="UTF-8"?>
<!-- Generated by org.testng.reporters.JUnitReportReporter -->
<testsuite hostname="DESKTOP-HIE2GEH" failures="0" tests="3" name="demo.TestNGPriorityDemo" time="0.011" errors="0" timestamp="2022-03-03T10:59:52 SGT" skipped="0">
  <testcase classname="demo.TestNGPriorityDemo" name="one" time="0.009"/>
  <system-out/>
  <testcase classname="demo.TestNGPriorityDemo" name="two" time="0.002"/>
  <system-out/>
  <testcase classname="demo.TestNGPriorityDemo" name="three" time="0.000"/>
  <system-out/>
</testsuite> <!-- demo.TestNGPriorityDemo -->
