<?xml version="1.0" encoding="UTF-8"?>
<!-- Generated by org.testng.reporters.JUnitReportReporter -->
<testsuite hostname="DESKTOP-HIE2GEH" failures="0" tests="2" name="demo.TestNGIgnoreDemo" time="0.006" errors="0" timestamp="2022-03-03T17:34:18 SGT" skipped="1">
  <testcase classname="demo.TestNGIgnoreDemo" name="test2" time="0.006"/>
  <system-out/>
  <testcase classname="demo.TestNGIgnoreDemo" name="test1">
    <skipped/>
  </testcase> <!-- test1 -->
  <system-out/>
</testsuite> <!-- demo.TestNGIgnoreDemo -->
