<?xml version="1.0" encoding="UTF-8"?>
<!-- Generated by org.testng.reporters.JUnitReportReporter -->
<testsuite hostname="DESKTOP-HIE2GEH" failures="0" tests="1" name="demo.UntitledTestCase" time="12.211" errors="0" timestamp="2022-03-10T10:44:38 SGT" skipped="0">
  <testcase classname="demo.UntitledTestCase" name="testUntitledTestCase" time="12.211"/>
  <system-out/>
</testsuite> <!-- demo.UntitledTestCase -->
