<?xml version="1.0" encoding="UTF-8"?>
<!-- Generated by org.testng.reporters.JUnitReportReporter -->
<testsuite hostname="DESKTOP-HIE2GEH" failures="0" tests="3" name="listeners.TestNGListenerDemo2" time="0.002" errors="0" timestamp="2022-03-03T10:41:11 SGT" skipped="1">
  <testcase classname="listeners.TestNGListenerDemo2" name="test6" time="0.001">
    <skipped/>
  </testcase> <!-- test6 -->
  <system-out/>
  <testcase classname="listeners.TestNGListenerDemo2" name="test4" time="0.000"/>
  <system-out/>
  <testcase classname="listeners.TestNGListenerDemo2" name="test5" time="0.001"/>
  <system-out/>
</testsuite> <!-- listeners.TestNGListenerDemo2 -->
