<?xml version="1.0" encoding="UTF-8"?>
<!-- Generated by org.testng.reporters.JUnitReportReporter -->
<testsuite hostname="DESKTOP-HIE2GEH" failures="0" tests="3" name="listeners.TestNGListenerDemo" time="9.534" errors="0" timestamp="2022-03-03T10:41:11 SGT" skipped="1">
  <testcase classname="listeners.TestNGListenerDemo" name="test1" time="0.006"/>
  <system-out/>
  <testcase classname="listeners.TestNGListenerDemo" name="test3" time="0.001">
    <skipped/>
  </testcase> <!-- test3 -->
  <system-out/>
  <testcase classname="listeners.TestNGListenerDemo" name="test2" time="9.527"/>
  <system-out/>
</testsuite> <!-- listeners.TestNGListenerDemo -->
